warn: Microsoft.AspNetCore.DataProtection.Repositories.EphemeralXmlRepository[50]
      Using an in-memory repository. Keys will not be persisted to storage.
warn: Microsoft.AspNetCore.DataProtection.KeyManagement.XmlKeyManager[59]
      Neither user profile nor HKLM registry available. Using an ephemeral key repository. Protected data will be unavailable when application exits.
warn: Microsoft.AspNetCore.DataProtection.KeyManagement.XmlKeyManager[35]
      No XML encryptor configured. Key {99f36b5d-3dd6-4326-8501-7fad6dfe0772} may be persisted to storage in unencrypted form.
Application startup exception: System.InvalidOperationException: Application is running inside IIS process but is not configured to use IIS server.
   at Microsoft.AspNetCore.Server.IIS.Core.IISServerSetupFilter.<>c__DisplayClass2_0.<Configure>b__0(IApplicationBuilder app)
   at Microsoft.AspNetCore.HostFilteringStartupFilter.<>c__DisplayClass0_0.<Configure>b__0(IApplicationBuilder app)
   at Microsoft.AspNetCore.Hosting.Internal.AutoRequestServicesStartupFilter.<>c__DisplayClass0_0.<Configure>b__0(IApplicationBuilder builder)
   at Microsoft.AspNetCore.Hosting.Internal.WebHost.BuildApplication()
crit: Microsoft.AspNetCore.Hosting.Internal.WebHost[6]
      Application startup exception
System.InvalidOperationException: Application is running inside IIS process but is not configured to use IIS server.
   at Microsoft.AspNetCore.Server.IIS.Core.IISServerSetupFilter.<>c__DisplayClass2_0.<Configure>b__0(IApplicationBuilder app)
   at Microsoft.AspNetCore.HostFilteringStartupFilter.<>c__DisplayClass0_0.<Configure>b__0(IApplicationBuilder app)
   at Microsoft.AspNetCore.Hosting.Internal.AutoRequestServicesStartupFilter.<>c__DisplayClass0_0.<Configure>b__0(IApplicationBuilder builder)
   at Microsoft.AspNetCore.Hosting.Internal.WebHost.BuildApplication()
Hosting environment: Production
Content root path: C:\Users\shhan\Desktop\업무파일_한승희\프로젝트\boilerplate\bin\Debug\netcoreapp2.2\publish
Now listening on: http://localhost:5000
Application started. Press Ctrl+C to shut down.
